<?xml version="1.0" encoding="UTF-8"?>
<testng-results skipped="0" failed="0" total="1" passed="1">
  <reporter-output>
  </reporter-output>
  <suite name="Default suite" duration-ms="28674" started-at="2013-01-15T23:02:28Z" finished-at="2013-01-15T23:02:57Z">
    <groups>
    </groups>
    <test name="Default test" duration-ms="28674" started-at="2013-01-15T23:02:28Z" finished-at="2013-01-15T23:02:57Z">
      <class name="com.wd.MapsHomePageTest">
        <test-method status="PASS" signature="setup()[pri:0, instance:com.wd.MapsHomePageTest@9fda41]" name="setup" is-config="true" duration-ms="10" started-at="2013-01-15T17:02:28Z" finished-at="2013-01-15T17:02:28Z">
          <reporter-output>
          </reporter-output>
        </test-method> <!-- setup -->
        <test-method status="PASS" signature="classSetup()[pri:0, instance:com.wd.MapsHomePageTest@9fda41]" name="classSetup" is-config="true" duration-ms="17128" started-at="2013-01-15T17:02:28Z" finished-at="2013-01-15T17:02:45Z">
          <reporter-output>
          </reporter-output>
        </test-method> <!-- classSetup -->
        <test-method status="PASS" signature="testTransit()[pri:0, instance:com.wd.MapsHomePageTest@9fda41]" name="testTransit" duration-ms="11187" started-at="2013-01-15T17:02:45Z" finished-at="2013-01-15T17:02:56Z">
          <reporter-output>
          </reporter-output>
        </test-method> <!-- testTransit -->
        <test-method status="PASS" signature="classTearDown()[pri:0, instance:com.wd.MapsHomePageTest@9fda41]" name="classTearDown" is-config="true" duration-ms="327" started-at="2013-01-15T17:02:56Z" finished-at="2013-01-15T17:02:57Z">
          <reporter-output>
          </reporter-output>
        </test-method> <!-- classTearDown -->
        <test-method status="PASS" signature="tearDown()[pri:0, instance:com.wd.MapsHomePageTest@9fda41]" name="tearDown" is-config="true" duration-ms="1" started-at="2013-01-15T17:02:57Z" finished-at="2013-01-15T17:02:57Z">
          <reporter-output>
          </reporter-output>
        </test-method> <!-- tearDown -->
      </class> <!-- com.wd.MapsHomePageTest -->
    </test> <!-- Default test -->
  </suite> <!-- Default suite -->
</testng-results>
