<?xml version="1.0" encoding="UTF-8"?>
<testng-results skipped="0" failed="0" total="1" passed="1">
  <reporter-output>
  </reporter-output>
  <suite name="Default suite" duration-ms="27846" started-at="2013-01-15T21:37:27Z" finished-at="2013-01-15T21:37:55Z">
    <groups>
    </groups>
    <test name="Default test" duration-ms="27846" started-at="2013-01-15T21:37:27Z" finished-at="2013-01-15T21:37:55Z">
      <class name="com.wd.MapsHomePageTest">
        <test-method status="PASS" signature="setup()[pri:0, instance:com.wd.MapsHomePageTest@1e02678]" name="setup" is-config="true" duration-ms="11" started-at="2013-01-15T15:37:27Z" finished-at="2013-01-15T15:37:27Z">
          <reporter-output>
          </reporter-output>
        </test-method> <!-- setup -->
        <test-method status="PASS" signature="classSetup()[pri:0, instance:com.wd.MapsHomePageTest@1e02678]" name="classSetup" is-config="true" duration-ms="12572" started-at="2013-01-15T15:37:27Z" finished-at="2013-01-15T15:37:40Z">
          <reporter-output>
          </reporter-output>
        </test-method> <!-- classSetup -->
        <test-method status="PASS" signature="testHomePage()[pri:0, instance:com.wd.MapsHomePageTest@1e02678]" name="testHomePage" duration-ms="14833" started-at="2013-01-15T15:37:40Z" finished-at="2013-01-15T15:37:54Z">
          <reporter-output>
          </reporter-output>
        </test-method> <!-- testHomePage -->
        <test-method status="PASS" signature="classTearDown()[pri:0, instance:com.wd.MapsHomePageTest@1e02678]" name="classTearDown" is-config="true" duration-ms="418" started-at="2013-01-15T15:37:54Z" finished-at="2013-01-15T15:37:55Z">
          <reporter-output>
          </reporter-output>
        </test-method> <!-- classTearDown -->
        <test-method status="PASS" signature="tearDown()[pri:0, instance:com.wd.MapsHomePageTest@1e02678]" name="tearDown" is-config="true" duration-ms="0" started-at="2013-01-15T15:37:55Z" finished-at="2013-01-15T15:37:55Z">
          <reporter-output>
          </reporter-output>
        </test-method> <!-- tearDown -->
      </class> <!-- com.wd.MapsHomePageTest -->
    </test> <!-- Default test -->
  </suite> <!-- Default suite -->
</testng-results>
